#
# An unexpected error has been detected by Java Runtime Environment:
#
#  EXCEPTION_ACCESS_VIOLATION (0xc0000005) at pc=0x6d8e4edc, pid=5108, tid=3992
#
# Java VM: Java HotSpot(TM) Client VM (10.0-b19 mixed mode windows-x86)
# Problematic frame:
# V  [jvm.dll+0x124edc]
#
# If you would like to submit a bug report, please visit:
#   http://java.sun.com/webapps/bugreport/crash.jsp
#

---------------  T H R E A D  ---------------

Current thread (0x024c7000):  JavaThread "JDWP Transport Listener: dt_socket" daemon [_thread_in_vm, id=3992, stack(0x29220000,0x29270000)]

siginfo: ExceptionCode=0xc0000005, reading address 0x00000000

Registers:
EAX=0x2be7cdb4, EBX=0x024c7000, ECX=0x0000009b, EDX=0x00000000
ESP=0x2926fa00, EBP=0x2b10bfb0, ESI=0x00000000, EDI=0x0000009b
EIP=0x6d8e4edc, EFLAGS=0x00010246

Top of Stack: (sp=0x2926fa00)
0x2926fa00:   024c5d70 2926fbd4 2b10bfb0 024c7000
0x2926fa10:   0000000a 2926fbd4 0000000a 2926fbd4
0x2926fa20:   000000b1 00000000 00000010 2be7cdb4
0x2926fa30:   0000000c 024c7000 024c7000 0000000b
0x2926fa40:   285aee70 2be7cdb4 00000085 2be7cdb4
0x2926fa50:   6d85254f 00000099 024c7000 0000009a
0x2926fa60:   2be7cda0 2926fb08 00000099 2be7cda0
0x2926fa70:   6d8e3ead 0000009a 024c7000 2926fbd4 

Instructions: (pc=0x6d8e4edc)
0x6d8e4ecc:   8b 84 24 b4 00 00 00 8b 08 8b 74 24 24 8b 49 18
0x6d8e4edc:   8b 16 53 6a 01 56 4f 57 89 4a 18 8b 08 6a 01 e8 


Stack: [0x29220000,0x29270000],  sp=0x2926fa00,  free space=318k
Native frames: (J=compiled Java code, j=interpreted, Vv=VM code, C=native code)
V  [jvm.dll+0x124edc]


---------------  P R O C E S S  ---------------

Java Threads: ( => current thread )
  0x2a084800 JavaThread "btpool0-21" [_thread_blocked, id=6812, stack(0x2ab90000,0x2abe0000)]
  0x2a082800 JavaThread "Code server for edicustoms from Mozilla/4.0 (compatible; MSIE 7.0; Windows NT 6.1; Win64; x64; Trident/4.0; .NET CLR 2.0.50727; SLCC2; .NET CLR 3.5.30729; .NET CLR 3.0.30729; Media Center PC 6.0) on http://127.0.0.1:8888/EdiCustoms.html?gwt.codesvr=127.0.0.1:9997 @ eC:?%'Wu^gKT^L3(" daemon [_thread_in_native, id=3064, stack(0x2a6a0000,0x2a6f0000)]
  0x2a082c00 JavaThread "Java2D Disposer" daemon [_thread_blocked, id=6688, stack(0x2c970000,0x2c9c0000)]
  0x2a081400 JavaThread "pool-1-thread-2" [_thread_blocked, id=3116, stack(0x2b710000,0x2b760000)]
  0x2a081000 JavaThread "pool-1-thread-1" [_thread_blocked, id=6288, stack(0x2b680000,0x2b6d0000)]
  0x2af3bc00 JavaThread "com.mchange.v2.async.ThreadPoolAsynchronousRunner$PoolThread-#2" daemon [_thread_blocked, id=5780, stack(0x2b5f0000,0x2b640000)]
  0x2af3b000 JavaThread "com.mchange.v2.async.ThreadPoolAsynchronousRunner$PoolThread-#1" daemon [_thread_blocked, id=5236, stack(0x2b560000,0x2b5b0000)]
  0x2af3ac00 JavaThread "com.mchange.v2.async.ThreadPoolAsynchronousRunner$PoolThread-#0" daemon [_thread_blocked, id=6380, stack(0x2b4d0000,0x2b520000)]
  0x2af3a400 JavaThread "Timer-1" daemon [_thread_blocked, id=5240, stack(0x2a170000,0x2a1c0000)]
  0x2acc7c00 JavaThread "Timer-0" daemon [_thread_blocked, id=4256, stack(0x2b420000,0x2b470000)]
  0x29d50800 JavaThread "btpool0-0 - Acceptor0 SelectChannelConnector@127.0.0.1:8888" [_thread_in_native, id=6256, stack(0x2aa70000,0x2aac0000)]
  0x29d3f800 JavaThread "Code server listener" daemon [_thread_in_native, id=3112, stack(0x2a200000,0x2a250000)]
  0x29cea400 JavaThread "Thread-1" daemon [_thread_blocked, id=6116, stack(0x2a0e0000,0x2a130000)]
  0x29c01800 JavaThread "Thread-0" [_thread_in_native, id=752, stack(0x29650000,0x296a0000)]
  0x024e1400 JavaThread "Low Memory Detector" daemon [_thread_blocked, id=2960, stack(0x29530000,0x29580000)]
  0x024d5800 JavaThread "CompilerThread0" daemon [_thread_blocked, id=4340, stack(0x29480000,0x294d0000)]
  0x024c9c00 JavaThread "JDWP Command Reader" daemon [_thread_in_native, id=1084, stack(0x293b0000,0x29400000)]
  0x024c9400 JavaThread "JDWP Event Helper Thread" daemon [_thread_blocked, id=4180, stack(0x29270000,0x292c0000)]
=>0x024c7000 JavaThread "JDWP Transport Listener: dt_socket" daemon [_thread_in_vm, id=3992, stack(0x29220000,0x29270000)]
  0x024bb400 JavaThread "Attach Listener" daemon [_thread_blocked, id=6892, stack(0x289c0000,0x28a10000)]
  0x024adc00 JavaThread "Signal Dispatcher" daemon [_thread_blocked, id=6484, stack(0x28930000,0x28980000)]
  0x0249c400 JavaThread "Finalizer" daemon [_thread_blocked, id=4656, stack(0x288a0000,0x288f0000)]
  0x02498000 JavaThread "Reference Handler" daemon [_thread_blocked, id=6168, stack(0x28810000,0x28860000)]
  0x025a8400 JavaThread "main" [_thread_blocked, id=4268, stack(0x003b0000,0x00400000)]

Other Threads:
  0x02493800 VMThread [stack: 0x02540000,0x02590000] [id=6436]
  0x024fb800 WatcherThread [stack: 0x295c0000,0x29610000] [id=3700]

VM state:not at safepoint (normal execution)

VM Mutex/Monitor currently owned by a thread: None

Heap
 def new generation   total 15040K, used 4K [0x045b0000, 0x05600000, 0x06d10000)
  eden space 13376K,   0% used [0x045b0000, 0x045b1150, 0x052c0000)
  from space 1664K,   0% used [0x05460000, 0x05460000, 0x05600000)
  to   space 1664K,   0% used [0x052c0000, 0x052c0000, 0x05460000)
 tenured generation   total 199804K, used 111771K [0x06d10000, 0x1302f000, 0x245b0000)
   the space 199804K,  55% used [0x06d10000, 0x0da36f90, 0x0da37000, 0x1302f000)
 compacting perm gen  total 65536K, used 65535K [0x245b0000, 0x285b0000, 0x285b0000)
   the space 65536K,  99% used [0x245b0000, 0x285afda8, 0x285afe00, 0x285b0000)
No shared spaces configured.

Dynamic libraries:
0x00400000 - 0x00423000 	C:\Program Files (x86)\Java\jre1.6.0_04\bin\javaw.exe
0x775a0000 - 0x77720000 	C:\Windows\SysWOW64\ntdll.dll
0x76840000 - 0x76950000 	C:\Windows\syswow64\kernel32.dll
0x76dc0000 - 0x76e06000 	C:\Windows\syswow64\KERNELBASE.dll
0x757d0000 - 0x75870000 	C:\Windows\syswow64\ADVAPI32.dll
0x755a0000 - 0x7564c000 	C:\Windows\syswow64\msvcrt.dll
0x770b0000 - 0x770c9000 	C:\Windows\SysWOW64\sechost.dll
0x76c70000 - 0x76d60000 	C:\Windows\syswow64\RPCRT4.dll
0x75100000 - 0x75160000 	C:\Windows\syswow64\SspiCli.dll
0x750f0000 - 0x750fc000 	C:\Windows\syswow64\CRYPTBASE.dll
0x764c0000 - 0x765c0000 	C:\Windows\syswow64\USER32.dll
0x76ef0000 - 0x76f80000 	C:\Windows\syswow64\GDI32.dll
0x76e10000 - 0x76e1a000 	C:\Windows\syswow64\LPK.dll
0x76f80000 - 0x7701d000 	C:\Windows\syswow64\USP10.dll
0x75650000 - 0x756b0000 	C:\Windows\system32\IMM32.DLL
0x76e20000 - 0x76eec000 	C:\Windows\syswow64\MSCTF.dll
0x7c340000 - 0x7c396000 	C:\Program Files (x86)\Java\jre1.6.0_04\bin\msvcr71.dll
0x6d7c0000 - 0x6da10000 	C:\Program Files (x86)\Java\jre1.6.0_04\bin\client\jvm.dll
0x74990000 - 0x749c2000 	C:\Windows\system32\WINMM.dll
0x743d0000 - 0x7441c000 	C:\Windows\system32\apphelp.dll
0x6d270000 - 0x6d278000 	C:\Program Files (x86)\Java\jre1.6.0_04\bin\hpi.dll
0x77570000 - 0x77575000 	C:\Windows\syswow64\PSAPI.DLL
0x6d360000 - 0x6d389000 	C:\Program Files (x86)\Java\jre1.6.0_04\bin\jdwp.dll
0x6d6c0000 - 0x6d6c6000 	C:\Program Files (x86)\Java\jre1.6.0_04\bin\npt.dll
0x6d770000 - 0x6d77c000 	C:\Program Files (x86)\Java\jre1.6.0_04\bin\verify.dll
0x6d310000 - 0x6d32f000 	C:\Program Files (x86)\Java\jre1.6.0_04\bin\java.dll
0x6d7b0000 - 0x6d7bf000 	C:\Program Files (x86)\Java\jre1.6.0_04\bin\zip.dll
0x6d1e0000 - 0x6d1e7000 	C:\Program Files (x86)\Java\jre1.6.0_04\bin\dt_socket.dll
0x769f0000 - 0x76a25000 	C:\Windows\syswow64\WS2_32.dll
0x75190000 - 0x75196000 	C:\Windows\syswow64\NSI.dll
0x28a10000 - 0x28b30000 	C:\Program Files (x86)\Sinfor\SSL\ClientComponent\ClientNSPPrj.dll
0x73dd0000 - 0x73eec000 	C:\Windows\system32\MFC42.DLL
0x75300000 - 0x7545c000 	C:\Windows\syswow64\ole32.dll
0x76960000 - 0x769ef000 	C:\Windows\syswow64\OLEAUT32.dll
0x74a00000 - 0x74a8c000 	C:\Windows\system32\ODBC32.dll
0x75460000 - 0x75597000 	C:\Windows\syswow64\urlmon.dll
0x751a0000 - 0x75295000 	C:\Windows\syswow64\WININET.dll
0x76d60000 - 0x76db7000 	C:\Windows\syswow64\SHLWAPI.dll
0x76a60000 - 0x76c5e000 	C:\Windows\syswow64\iertutil.dll
0x756b0000 - 0x757cd000 	C:\Windows\syswow64\CRYPT32.dll
0x76c60000 - 0x76c6c000 	C:\Windows\syswow64\MSASN1.dll
0x73ce0000 - 0x73dcb000 	C:\Windows\system32\dbghelp.dll
0x74950000 - 0x74988000 	C:\Windows\system32\odbcint.dll
0x76760000 - 0x767e3000 	C:\Windows\syswow64\CLBCatQ.DLL
0x728a0000 - 0x728b0000 	C:\Windows\system32\NLAapi.dll
0x72890000 - 0x728a0000 	C:\Windows\system32\napinsp.dll
0x72740000 - 0x72752000 	C:\Windows\system32\pnrpnsp.dll
0x73ca0000 - 0x73cdc000 	C:\Windows\System32\mswsock.dll
0x73c50000 - 0x73c94000 	C:\Windows\system32\DNSAPI.dll
0x72730000 - 0x72738000 	C:\Windows\System32\winrnr.dll
0x72720000 - 0x7272d000 	C:\Windows\system32\wshbth.dll
0x749e0000 - 0x749fc000 	C:\Windows\system32\IPHLPAPI.DLL
0x749d0000 - 0x749d7000 	C:\Windows\system32\WINNSI.DLL
0x712a0000 - 0x712d8000 	C:\Windows\System32\fwpuclnt.dll
0x72d80000 - 0x72d86000 	C:\Windows\system32\rasadhlp.dll
0x296f0000 - 0x29a9f000 	C:\Program Files (x86)\Sinfor\SSL\ClientComponent\ProxyIE.dll
0x72820000 - 0x72886000 	C:\Windows\system32\MSVCP60.dll
0x74d70000 - 0x74d79000 	C:\Windows\system32\VERSION.dll
0x72800000 - 0x72805000 	C:\Windows\System32\wshtcpip.dll
0x6d570000 - 0x6d583000 	C:\Program Files (x86)\Java\jre1.6.0_04\bin\net.dll
0x6f610000 - 0x6f616000 	C:\Windows\System32\wship6.dll
0x67600000 - 0x67609000 	D:\Programs\gwt-2.0.4\gwt-ll.dll
0x746e0000 - 0x7487e000 	C:\Windows\WinSxS\x86_microsoft.windows.common-controls_6595b64144ccf1df_6.0.7601.17514_none_41e6975e2bd6f2b2\comctl32.dll
0x75870000 - 0x764ba000 	C:\Windows\syswow64\SHELL32.dll
0x74d30000 - 0x74d3b000 	C:\Windows\system32\profapi.dll
0x707b0000 - 0x70802000 	C:\Windows\system32\RASAPI32.dll
0x70790000 - 0x707a5000 	C:\Windows\system32\rasman.dll
0x70780000 - 0x7078d000 	C:\Windows\system32\rtutils.dll
0x70770000 - 0x70776000 	C:\Windows\system32\sensapi.dll
0x72690000 - 0x726a6000 	C:\Windows\system32\CRYPTSP.dll
0x72650000 - 0x7268b000 	C:\Windows\system32\rsaenh.dll
0x74d40000 - 0x74d57000 	C:\Windows\system32\USERENV.dll
0x6d4c0000 - 0x6d4c9000 	C:\Program Files (x86)\Java\jre1.6.0_04\bin\management.dll
0x6d590000 - 0x6d599000 	C:\Program Files (x86)\Java\jre1.6.0_04\bin\nio.dll
0x6d3b0000 - 0x6d3d4000 	C:\Program Files (x86)\Java\jre1.6.0_04\bin\jpeg.dll
0x6d000000 - 0x6d12e000 	C:\Program Files (x86)\Java\jre1.6.0_04\bin\awt.dll
0x74c20000 - 0x74c71000 	C:\Windows\system32\WINSPOOL.DRV
0x6d150000 - 0x6d17f000 	C:\Program Files (x86)\Java\jre1.6.0_04\bin\cmm.dll
0x73770000 - 0x737f0000 	C:\Windows\system32\uxtheme.dll
0x6d210000 - 0x6d263000 	C:\Program Files (x86)\Java\jre1.6.0_04\bin\fontmanager.dll

VM Arguments:
jvm_args: -agentlib:jdwp=transport=dt_socket,suspend=y,address=localhost:55823 -Xmx512m -Dfile.encoding=UTF-8 
java_command: com.google.gwt.dev.DevMode -startupUrl EdiCustoms.html -war D:\Projects\Xinze\ediCustoms\war -remoteUI 55822:13930749106997 -logLevel INFO -codeServerPort 9997 -port 8888 com.gavin.ediCustoms.EdiCustoms
Launcher Type: SUN_STANDARD

Environment Variables:
JRE_HOME=C:\Program Files (x86)\Java\jre1.6.0_04
PATH=C:/Program Files (x86)/Java/jre1.6.0_04/bin/client;C:/Program Files (x86)/Java/jre1.6.0_04/bin;C:/Program Files (x86)/Java/jre1.6.0_04/lib/i386;C:\Windows\SYSTEM32;C:\Windows;C:\Windows\SYSTEM32\WBEM;C:\Windows\SYSTEM32\WINDOWSPOWERSHELL\V1.0\;;E:\PROGRAM FILES\MATLAB\BIN;E:\PROGRAM FILES\MATLAB\BIN\WIN64;C:\PROGRAM FILES\THINKPAD\BLUETOOTH SOFTWARE\;C:\PROGRAM FILES\THINKPAD\BLUETOOTH SOFTWARE\SYSWOW64;C:\Program Files\Broadcom\WHL\;C:\Program Files\Broadcom\WHL\syswow64;C:\Program Files\Broadcom\WHL\SysWow64\;C:\Program Files\Broadcom\WHL\SysWow64\syswow64;D:\Programs\Ruby\bin;C:\Program Files\TortoiseSVN\bin;C:\Program Files\MySQL\MySQL Server 5.5\bin;D:\Programs\php;C:\Program Files (x86)\Java\jre1.6.0_04\bin
USERNAME=Gavin
OS=Windows_NT
PROCESSOR_IDENTIFIER=Intel64 Family 6 Model 42 Stepping 7, GenuineIntel



---------------  S Y S T E M  ---------------

OS: Windows NT 6.1 Build 7601 Service Pack 1

CPU:total 4 (8 cores per cpu, 2 threads per core) family 6 model 10 stepping 7, cmov, cx8, fxsr, mmx, sse, sse2, sse3, ssse3, ht

Memory: 4k page, physical 4103408k(1686028k free), swap 4194303k(4194303k free)

vm_info: Java HotSpot(TM) Client VM (10.0-b19) for windows-x86 JRE (1.6.0_04-b12), built on Dec 14 2007 00:51:20 by "java_re" with MS VC++ 7.1

time: Fri Sep 30 14:34:47 2011
elapsed time: 5547 seconds

