#
# An unexpected error has been detected by Java Runtime Environment:
#
#  EXCEPTION_ACCESS_VIOLATION (0xc0000005) at pc=0x6d8e824d, pid=7056, tid=2872
#
# Java VM: Java HotSpot(TM) Client VM (10.0-b19 mixed mode windows-x86)
# Problematic frame:
# V  [jvm.dll+0x12824d]
#
# If you would like to submit a bug report, please visit:
#   http://java.sun.com/webapps/bugreport/crash.jsp
#

---------------  T H R E A D  ---------------

Current thread (0x02497000):  JavaThread "JDWP Transport Listener: dt_socket" daemon [_thread_in_vm, id=2872, stack(0x29220000,0x29270000)]

siginfo: ExceptionCode=0xc0000005, reading address 0x00000000

Registers:
EAX=0x00000000, EBX=0x02497000, ECX=0x27628d68, EDX=0x00000000
ESP=0x2926f844, EBP=0x00000000, ESI=0x00000000, EDI=0x2bc9f06c
EIP=0x6d8e824d, EFLAGS=0x00010246

Top of Stack: (sp=0x2926f844)
0x2926f844:   02497000 00000000 02490728 2926f954
0x2926f854:   2926f954 0000010c 2bc9ed64 2bc9ed60
0x2926f864:   2bc25178 2bc9ed60 02497000 024948b8
0x2926f874:   2bc97078 2bc9ed60 2bc9f06c 2926fc10
0x2926f884:   6d8e88ea 00000000 2bc9ed54 02497000
0x2926f894:   2926f954 2926fa2c 00000921 2926f954
0x2926f8a4:   2bc9ed54 2926f954 0000042c 00000059
0x2926f8b4:   00000000 2bc9ec30 02490728 02490728 

Instructions: (pc=0x6d8e824d)
0x6d8e823d:   30 8b 54 24 1c 89 44 24 44 8b 0a 8b 51 18 3b d5
0x6d8e824d:   8b 00 75 08 8b 49 08 89 48 18 eb 03 89 50 18 8b 


Stack: [0x29220000,0x29270000],  sp=0x2926f844,  free space=318k
Native frames: (J=compiled Java code, j=interpreted, Vv=VM code, C=native code)
V  [jvm.dll+0x12824d]

[error occurred during error reporting (printing native stack), id 0xc0000005]


---------------  P R O C E S S  ---------------

Java Threads: ( => current thread )
  0x2b1a5800 JavaThread "btpool0-33" [_thread_blocked, id=7728, stack(0x2ccf0000,0x2cd40000)]
  0x2b1a4c00 JavaThread "btpool0-32" [_thread_blocked, id=1724, stack(0x2b7f0000,0x2b840000)]
  0x2b1a3800 JavaThread "btpool0-31" [_thread_blocked, id=7408, stack(0x2cb30000,0x2cb80000)]
  0x2b1a5000 JavaThread "btpool0-29" [_thread_blocked, id=6564, stack(0x2b760000,0x2b7b0000)]
  0x2b1a3400 JavaThread "btpool0-28" [_thread_blocked, id=4292, stack(0x2a950000,0x2a9a0000)]
  0x2b1a4000 JavaThread "Code server for edicustoms from Mozilla/4.0 (compatible; MSIE 7.0; Windows NT 6.1; Win64; x64; Trident/4.0; .NET CLR 2.0.50727; SLCC2; .NET CLR 3.5.30729; .NET CLR 3.0.30729; Media Center PC 6.0) on http://127.0.0.1:8888/EdiCustoms.html?gwt.codesvr=127.0.0.1:9997 @ Sg^J)a}oSzxEUnf(" daemon [_thread_in_native, id=7504, stack(0x2a160000,0x2a1b0000)]
  0x2b1a6000 JavaThread "btpool0-25" [_thread_blocked, id=7172, stack(0x2a830000,0x2a880000)]
  0x2b1a5c00 JavaThread "btpool0-20" [_thread_blocked, id=5748, stack(0x2b680000,0x2b6d0000)]
  0x2b1a4400 JavaThread "Java2D Disposer" daemon [_thread_blocked, id=4216, stack(0x2c940000,0x2c990000)]
  0x2b1a2c00 JavaThread "pool-1-thread-2" [_thread_blocked, id=5164, stack(0x2b5f0000,0x2b640000)]
  0x2b1a2800 JavaThread "pool-1-thread-1" [_thread_blocked, id=3792, stack(0x2b560000,0x2b5b0000)]
  0x2ad5a400 JavaThread "com.mchange.v2.async.ThreadPoolAsynchronousRunner$PoolThread-#2" daemon [_thread_blocked, id=6404, stack(0x2b4d0000,0x2b520000)]
  0x2ad5a000 JavaThread "com.mchange.v2.async.ThreadPoolAsynchronousRunner$PoolThread-#1" daemon [_thread_blocked, id=7944, stack(0x2b440000,0x2b490000)]
  0x2ad34000 JavaThread "com.mchange.v2.async.ThreadPoolAsynchronousRunner$PoolThread-#0" daemon [_thread_blocked, id=7128, stack(0x2b3b0000,0x2b400000)]
  0x2ad2e400 JavaThread "Timer-1" daemon [_thread_blocked, id=2636, stack(0x2b320000,0x2b370000)]
  0x2aaa5800 JavaThread "Timer-0" daemon [_thread_blocked, id=7856, stack(0x2b290000,0x2b2e0000)]
  0x29e93c00 JavaThread "btpool0-1 - Acceptor0 SelectChannelConnector@127.0.0.1:8888" [_thread_in_native, id=5244, stack(0x2aa00000,0x2aa50000)]
  0x29dcd400 JavaThread "Code server listener" daemon [_thread_in_native, id=6684, stack(0x2a1f0000,0x2a240000)]
  0x29bff000 JavaThread "Thread-1" daemon [_thread_blocked, id=7044, stack(0x2a0d0000,0x2a120000)]
  0x29ca7800 JavaThread "Thread-0" [_thread_in_native, id=8028, stack(0x2a040000,0x2a090000)]
  0x024a7400 JavaThread "Low Memory Detector" daemon [_thread_blocked, id=7208, stack(0x298c0000,0x29910000)]
  0x024a5800 JavaThread "CompilerThread0" daemon [_thread_blocked, id=852, stack(0x29830000,0x29880000)]
  0x024a3400 JavaThread "JDWP Command Reader" daemon [_thread_in_native, id=7880, stack(0x29380000,0x293d0000)]
  0x02499400 JavaThread "JDWP Event Helper Thread" daemon [_thread_blocked, id=6692, stack(0x292b0000,0x29300000)]
=>0x02497000 JavaThread "JDWP Transport Listener: dt_socket" daemon [_thread_in_vm, id=2872, stack(0x29220000,0x29270000)]
  0x0248b400 JavaThread "Attach Listener" daemon [_thread_blocked, id=8032, stack(0x289c0000,0x28a10000)]
  0x0247dc00 JavaThread "Signal Dispatcher" daemon [_thread_blocked, id=4896, stack(0x28930000,0x28980000)]
  0x0246c400 JavaThread "Finalizer" daemon [_thread_blocked, id=6436, stack(0x288a0000,0x288f0000)]
  0x02468000 JavaThread "Reference Handler" daemon [_thread_blocked, id=4144, stack(0x28810000,0x28860000)]
  0x02558400 JavaThread "main" [_thread_blocked, id=7676, stack(0x00390000,0x003e0000)]

Other Threads:
  0x02463800 VMThread [stack: 0x28780000,0x287d0000] [id=3184]
  0x024ba800 WatcherThread [stack: 0x299b0000,0x29a00000] [id=4468]

VM state:not at safepoint (normal execution)

VM Mutex/Monitor currently owned by a thread: None

Heap
 def new generation   total 16000K, used 6K [0x04560000, 0x056b0000, 0x06cc0000)
  eden space 14272K,   0% used [0x04560000, 0x04561950, 0x05350000)
  from space 1728K,   0% used [0x05350000, 0x05350000, 0x05500000)
  to   space 1728K,   0% used [0x05500000, 0x05500000, 0x056b0000)
 tenured generation   total 211812K, used 127085K [0x06cc0000, 0x13b99000, 0x24560000)
   the space 211812K,  59% used [0x06cc0000, 0x0e8db5e0, 0x0e8db600, 0x13b99000)
 compacting perm gen  total 65536K, used 65535K [0x24560000, 0x28560000, 0x28560000)
   the space 65536K,  99% used [0x24560000, 0x2855fc50, 0x2855fe00, 0x28560000)
No shared spaces configured.

Dynamic libraries:
0x00400000 - 0x00423000 	C:\Program Files (x86)\Java\jre1.6.0_04\bin\javaw.exe
0x77240000 - 0x773c0000 	C:\Windows\SysWOW64\ntdll.dll
0x764b0000 - 0x765c0000 	C:\Windows\syswow64\kernel32.dll
0x76180000 - 0x761c6000 	C:\Windows\syswow64\KERNELBASE.dll
0x766f0000 - 0x76790000 	C:\Windows\syswow64\ADVAPI32.dll
0x75120000 - 0x751cc000 	C:\Windows\syswow64\msvcrt.dll
0x76460000 - 0x76479000 	C:\Windows\SysWOW64\sechost.dll
0x761e0000 - 0x762d0000 	C:\Windows\syswow64\RPCRT4.dll
0x74da0000 - 0x74e00000 	C:\Windows\syswow64\SspiCli.dll
0x74d90000 - 0x74d9c000 	C:\Windows\syswow64\CRYPTBASE.dll
0x76950000 - 0x76a50000 	C:\Windows\syswow64\USER32.dll
0x76cf0000 - 0x76d80000 	C:\Windows\syswow64\GDI32.dll
0x75030000 - 0x7503a000 	C:\Windows\syswow64\LPK.dll
0x76c50000 - 0x76ced000 	C:\Windows\syswow64\USP10.dll
0x76790000 - 0x767f0000 	C:\Windows\system32\IMM32.DLL
0x76620000 - 0x766ec000 	C:\Windows\syswow64\MSCTF.dll
0x7c340000 - 0x7c396000 	C:\Program Files (x86)\Java\jre1.6.0_04\bin\msvcr71.dll
0x6d7c0000 - 0x6da10000 	C:\Program Files (x86)\Java\jre1.6.0_04\bin\client\jvm.dll
0x74770000 - 0x747a2000 	C:\Windows\system32\WINMM.dll
0x729d0000 - 0x72a1c000 	C:\Windows\system32\apphelp.dll
0x6d270000 - 0x6d278000 	C:\Program Files (x86)\Java\jre1.6.0_04\bin\hpi.dll
0x77210000 - 0x77215000 	C:\Windows\syswow64\PSAPI.DLL
0x6d360000 - 0x6d389000 	C:\Program Files (x86)\Java\jre1.6.0_04\bin\jdwp.dll
0x6d6c0000 - 0x6d6c6000 	C:\Program Files (x86)\Java\jre1.6.0_04\bin\npt.dll
0x6d770000 - 0x6d77c000 	C:\Program Files (x86)\Java\jre1.6.0_04\bin\verify.dll
0x6d310000 - 0x6d32f000 	C:\Program Files (x86)\Java\jre1.6.0_04\bin\java.dll
0x6d7b0000 - 0x6d7bf000 	C:\Program Files (x86)\Java\jre1.6.0_04\bin\zip.dll
0x6d1e0000 - 0x6d1e7000 	C:\Program Files (x86)\Java\jre1.6.0_04\bin\dt_socket.dll
0x76140000 - 0x76175000 	C:\Windows\syswow64\WS2_32.dll
0x761d0000 - 0x761d6000 	C:\Windows\syswow64\NSI.dll
0x28b20000 - 0x28c40000 	C:\Program Files (x86)\Sinfor\SSL\ClientComponent\ClientNSPPrj.dll
0x727a0000 - 0x728bc000 	C:\Windows\system32\MFC42.DLL
0x767f0000 - 0x7694c000 	C:\Windows\syswow64\ole32.dll
0x75090000 - 0x7511f000 	C:\Windows\syswow64\OLEAUT32.dll
0x747e0000 - 0x7486c000 	C:\Windows\system32\ODBC32.dll
0x76ae0000 - 0x76c17000 	C:\Windows\syswow64\urlmon.dll
0x753d0000 - 0x754c5000 	C:\Windows\syswow64\WININET.dll
0x765c0000 - 0x76617000 	C:\Windows\syswow64\SHLWAPI.dll
0x751d0000 - 0x753ce000 	C:\Windows\syswow64\iertutil.dll
0x76340000 - 0x7645d000 	C:\Windows\syswow64\CRYPT32.dll
0x74e00000 - 0x74e0c000 	C:\Windows\syswow64\MSASN1.dll
0x726b0000 - 0x7279b000 	C:\Windows\system32\dbghelp.dll
0x74330000 - 0x74368000 	C:\Windows\system32\odbcint.dll
0x76a50000 - 0x76ad3000 	C:\Windows\syswow64\CLBCatQ.DLL
0x72400000 - 0x72410000 	C:\Windows\system32\NLAapi.dll
0x723f0000 - 0x72400000 	C:\Windows\system32\napinsp.dll
0x723d0000 - 0x723e2000 	C:\Windows\system32\pnrpnsp.dll
0x72670000 - 0x726ac000 	C:\Windows\System32\mswsock.dll
0x72620000 - 0x72664000 	C:\Windows\system32\DNSAPI.dll
0x723c0000 - 0x723c8000 	C:\Windows\System32\winrnr.dll
0x723b0000 - 0x723bd000 	C:\Windows\system32\wshbth.dll
0x747c0000 - 0x747dc000 	C:\Windows\system32\IPHLPAPI.DLL
0x747b0000 - 0x747b7000 	C:\Windows\system32\WINNSI.DLL
0x741e0000 - 0x74218000 	C:\Windows\System32\fwpuclnt.dll
0x741d0000 - 0x741d6000 	C:\Windows\system32\rasadhlp.dll
0x29480000 - 0x2982f000 	C:\Program Files (x86)\Sinfor\SSL\ClientComponent\ProxyIE.dll
0x72440000 - 0x724a6000 	C:\Windows\system32\MSVCP60.dll
0x74a00000 - 0x74a09000 	C:\Windows\system32\VERSION.dll
0x72420000 - 0x72425000 	C:\Windows\System32\wshtcpip.dll
0x6d570000 - 0x6d583000 	C:\Program Files (x86)\Java\jre1.6.0_04\bin\net.dll
0x73c50000 - 0x73c56000 	C:\Windows\System32\wship6.dll
0x67600000 - 0x67609000 	D:\Programs\gwt-2.0.4\gwt-ll.dll
0x72b40000 - 0x72cde000 	C:\Windows\WinSxS\x86_microsoft.windows.common-controls_6595b64144ccf1df_6.0.7601.17514_none_41e6975e2bd6f2b2\comctl32.dll
0x754d0000 - 0x7611a000 	C:\Windows\syswow64\SHELL32.dll
0x749c0000 - 0x749cb000 	C:\Windows\system32\profapi.dll
0x73ca0000 - 0x73cf2000 	C:\Windows\system32\RASAPI32.dll
0x73c80000 - 0x73c95000 	C:\Windows\system32\rasman.dll
0x73c70000 - 0x73c7d000 	C:\Windows\system32\rtutils.dll
0x73c60000 - 0x73c66000 	C:\Windows\system32\sensapi.dll
0x72320000 - 0x72336000 	C:\Windows\system32\CRYPTSP.dll
0x722e0000 - 0x7231b000 	C:\Windows\system32\rsaenh.dll
0x749b0000 - 0x749be000 	C:\Windows\system32\RpcRtRemote.dll
0x749d0000 - 0x749e7000 	C:\Windows\system32\USERENV.dll
0x6d4c0000 - 0x6d4c9000 	C:\Program Files (x86)\Java\jre1.6.0_04\bin\management.dll
0x6d590000 - 0x6d599000 	C:\Program Files (x86)\Java\jre1.6.0_04\bin\nio.dll
0x6d3b0000 - 0x6d3d4000 	C:\Program Files (x86)\Java\jre1.6.0_04\bin\jpeg.dll
0x2c810000 - 0x2c93e000 	C:\Program Files (x86)\Java\jre1.6.0_04\bin\awt.dll
0x72ef0000 - 0x72f41000 	C:\Windows\system32\WINSPOOL.DRV
0x2c990000 - 0x2c9bf000 	C:\Program Files (x86)\Java\jre1.6.0_04\bin\cmm.dll
0x71d00000 - 0x71d80000 	C:\Windows\system32\uxtheme.dll
0x6d210000 - 0x6d263000 	C:\Program Files (x86)\Java\jre1.6.0_04\bin\fontmanager.dll

VM Arguments:
jvm_args: -agentlib:jdwp=transport=dt_socket,suspend=y,address=localhost:56638 -Xmx512m -Dfile.encoding=UTF-8 
java_command: com.google.gwt.dev.DevMode -startupUrl EdiCustoms.html -war D:\Projects\Xinze\ediCustoms\war -remoteUI 49180:39529996686365 -logLevel INFO -codeServerPort 9997 -port 8888 com.gavin.ediCustoms.EdiCustoms
Launcher Type: SUN_STANDARD

Environment Variables:
JRE_HOME=C:\Program Files (x86)\Java\jre1.6.0_04
PATH=C:/Program Files (x86)/Java/jre1.6.0_04/bin/client;C:/Program Files (x86)/Java/jre1.6.0_04/bin;C:/Program Files (x86)/Java/jre1.6.0_04/lib/i386;C:\Windows\SYSTEM32;C:\Windows;C:\Windows\SYSTEM32\WBEM;C:\Windows\SYSTEM32\WINDOWSPOWERSHELL\V1.0\;;E:\PROGRAM FILES\MATLAB\BIN;E:\PROGRAM FILES\MATLAB\BIN\WIN64;C:\PROGRAM FILES\THINKPAD\BLUETOOTH SOFTWARE\;C:\PROGRAM FILES\THINKPAD\BLUETOOTH SOFTWARE\SYSWOW64;C:\Program Files\Broadcom\WHL\;C:\Program Files\Broadcom\WHL\syswow64;C:\Program Files\Broadcom\WHL\SysWow64\;C:\Program Files\Broadcom\WHL\SysWow64\syswow64;D:\Programs\Ruby\bin;C:\Program Files\TortoiseSVN\bin;C:\Program Files\MySQL\MySQL Server 5.5\bin;D:\Programs\php;C:\Program Files (x86)\Java\jre1.6.0_04\bin
USERNAME=Gavin
OS=Windows_NT
PROCESSOR_IDENTIFIER=Intel64 Family 6 Model 42 Stepping 7, GenuineIntel



---------------  S Y S T E M  ---------------

OS: Windows NT 6.1 Build 7601 Service Pack 1

CPU:total 4 (8 cores per cpu, 2 threads per core) family 6 model 10 stepping 7, cmov, cx8, fxsr, mmx, sse, sse2, sse3, ssse3, ht

Memory: 4k page, physical 4103408k(1941264k free), swap 4194303k(4194303k free)

vm_info: Java HotSpot(TM) Client VM (10.0-b19) for windows-x86 JRE (1.6.0_04-b12), built on Dec 14 2007 00:51:20 by "java_re" with MS VC++ 7.1

time: Sun Oct 02 22:20:14 2011
elapsed time: 2712 seconds

